d:\classes\gpgpu\codes\memorybenchmarks\transposepatternsbm\transposepatternsbm\x64\debug\vc143.pdb
d:\classes\gpgpu\codes\memorybenchmarks\transposepatternsbm\transposepatternsbm\x64\debug\vc143.idb
d:\classes\gpgpu\codes\memorybenchmarks\transposepatternsbm\transposepatternsbm\x64\debug\transposepatternsbm.obj
d:\classes\gpgpu\codes\memorybenchmarks\transposepatternsbm\transposepatternsbm\x64\debug\transposecpu.obj
d:\classes\gpgpu\codes\memorybenchmarks\transposepatternsbm\transposepatternsbm\x64\debug\functions.obj
d:\classes\gpgpu\codes\memorybenchmarks\transposepatternsbm\transposepatternsbm\x64\debug\gpuerrors.cu.obj
d:\classes\gpgpu\codes\memorybenchmarks\transposepatternsbm\transposepatternsbm\x64\debug\transposegpu.cu.obj
d:\classes\gpgpu\codes\memorybenchmarks\transposepatternsbm\transposepatternsbm\x64\debug\transposepatternsbm.ilk
d:\classes\gpgpu\codes\memorybenchmarks\transposepatternsbm\x64\debug\transposepatternsbm.exe
d:\classes\gpgpu\codes\memorybenchmarks\transposepatternsbm\x64\debug\transposepatternsbm.pdb
d:\varun_gpgpu\transposepatternsbm\transposepatternsbm\transposepatternsbm\x64\debug\gpuerrors.cu.cache
d:\varun_gpgpu\transposepatternsbm\transposepatternsbm\transposepatternsbm\x64\debug\transposegpu.cu.cache
d:\varun_gpgpu\transposepatternsbm\transposepatternsbm\transposepatternsbm\x64\debug\functions.obj
d:\varun_gpgpu\transposepatternsbm\transposepatternsbm\transposepatternsbm\x64\debug\gpuerrors.cu.obj
d:\varun_gpgpu\transposepatternsbm\transposepatternsbm\transposepatternsbm\x64\debug\transposecpu.obj
d:\varun_gpgpu\transposepatternsbm\transposepatternsbm\transposepatternsbm\x64\debug\transposegpu.cu.obj
d:\varun_gpgpu\transposepatternsbm\transposepatternsbm\transposepatternsbm\x64\debug\transposepatternsbm.obj
d:\varun_gpgpu\transposepatternsbm\transposepatternsbm\transposepatternsbm\x64\debug\transposepatternsbm.ilk
d:\varun_gpgpu\transposepatternsbm\transposepatternsbm\transposepatternsbm\x64\debug\vc143.idb
d:\varun_gpgpu\transposepatternsbm\transposepatternsbm\transposepatternsbm\x64\debug\vc143.pdb
d:\varun_gpgpu\transposepatternsbm\transposepatternsbm\x64\debug\transposepatternsbm.pdb
d:\varun_gpgpu\transposepatternsbm\transposepatternsbm\x64\debug\transposepatternsbm.exe
d:\varun_gpgpu\transposepatternsbm\transposepatternsbm\transposepatternsbm\x64\debug\transpos.f9eed22d.tlog\cl.command.1.tlog
d:\varun_gpgpu\transposepatternsbm\transposepatternsbm\transposepatternsbm\x64\debug\transpos.f9eed22d.tlog\cl.read.1.tlog
d:\varun_gpgpu\transposepatternsbm\transposepatternsbm\transposepatternsbm\x64\debug\transpos.f9eed22d.tlog\cl.write.1.tlog
d:\varun_gpgpu\transposepatternsbm\transposepatternsbm\transposepatternsbm\x64\debug\transpos.f9eed22d.tlog\cudacompile.read.1u.tlog
d:\varun_gpgpu\transposepatternsbm\transposepatternsbm\transposepatternsbm\x64\debug\transpos.f9eed22d.tlog\cudacompile.write.1u.tlog
d:\varun_gpgpu\transposepatternsbm\transposepatternsbm\transposepatternsbm\x64\debug\transpos.f9eed22d.tlog\link.command.1.tlog
d:\varun_gpgpu\transposepatternsbm\transposepatternsbm\transposepatternsbm\x64\debug\transpos.f9eed22d.tlog\link.read.1.tlog
d:\varun_gpgpu\transposepatternsbm\transposepatternsbm\transposepatternsbm\x64\debug\transpos.f9eed22d.tlog\link.write.1.tlog
