d:\classes\gpgpu\codes\memorybenchmarks\transposewithsmem\transposewithsmem\x64\debug\vc143.pdb
d:\classes\gpgpu\codes\memorybenchmarks\transposewithsmem\transposewithsmem\x64\debug\vc143.idb
d:\classes\gpgpu\codes\memorybenchmarks\transposewithsmem\transposewithsmem\x64\debug\transposepatternsbm.obj
d:\classes\gpgpu\codes\memorybenchmarks\transposewithsmem\transposewithsmem\x64\debug\transposecpu.obj
d:\classes\gpgpu\codes\memorybenchmarks\transposewithsmem\transposewithsmem\x64\debug\functions.obj
d:\classes\gpgpu\codes\memorybenchmarks\transposewithsmem\transposewithsmem\x64\debug\gpuerrors.cu.obj
d:\classes\gpgpu\codes\memorybenchmarks\transposewithsmem\transposewithsmem\x64\debug\transposegpu.cu.obj
d:\classes\gpgpu\codes\memorybenchmarks\transposewithsmem\transposewithsmem\x64\debug\transposewithsmem.ilk
d:\classes\gpgpu\codes\memorybenchmarks\transposewithsmem\x64\debug\transposewithsmem.exe
d:\classes\gpgpu\codes\memorybenchmarks\transposewithsmem\x64\debug\transposewithsmem.pdb
d:\varun_gpgpu\transposewithsmem\transposewithsmem\transposewithsmem\x64\debug\gpuerrors.cu.cache
d:\varun_gpgpu\transposewithsmem\transposewithsmem\transposewithsmem\x64\debug\transposegpu.cu.cache
d:\varun_gpgpu\transposewithsmem\transposewithsmem\transposewithsmem\x64\debug\functions.obj
d:\varun_gpgpu\transposewithsmem\transposewithsmem\transposewithsmem\x64\debug\gpuerrors.cu.obj
d:\varun_gpgpu\transposewithsmem\transposewithsmem\transposewithsmem\x64\debug\transposecpu.obj
d:\varun_gpgpu\transposewithsmem\transposewithsmem\transposewithsmem\x64\debug\transposegpu.cu.obj
d:\varun_gpgpu\transposewithsmem\transposewithsmem\transposewithsmem\x64\debug\transposepatternsbm.obj
d:\varun_gpgpu\transposewithsmem\transposewithsmem\transposewithsmem\x64\debug\transposewithsmem.ilk
d:\varun_gpgpu\transposewithsmem\transposewithsmem\transposewithsmem\x64\debug\vc143.idb
d:\varun_gpgpu\transposewithsmem\transposewithsmem\transposewithsmem\x64\debug\vc143.pdb
d:\varun_gpgpu\transposewithsmem\transposewithsmem\x64\debug\transposewithsmem.pdb
d:\varun_gpgpu\transposewithsmem\transposewithsmem\x64\debug\transposewithsmem.exe
d:\varun_gpgpu\transposewithsmem\transposewithsmem\transposewithsmem\x64\debug\transpos.bfda5db7.tlog\cl.command.1.tlog
d:\varun_gpgpu\transposewithsmem\transposewithsmem\transposewithsmem\x64\debug\transpos.bfda5db7.tlog\cl.read.1.tlog
d:\varun_gpgpu\transposewithsmem\transposewithsmem\transposewithsmem\x64\debug\transpos.bfda5db7.tlog\cl.write.1.tlog
d:\varun_gpgpu\transposewithsmem\transposewithsmem\transposewithsmem\x64\debug\transpos.bfda5db7.tlog\cudacompile.read.1u.tlog
d:\varun_gpgpu\transposewithsmem\transposewithsmem\transposewithsmem\x64\debug\transpos.bfda5db7.tlog\cudacompile.write.1u.tlog
d:\varun_gpgpu\transposewithsmem\transposewithsmem\transposewithsmem\x64\debug\transpos.bfda5db7.tlog\link.command.1.tlog
d:\varun_gpgpu\transposewithsmem\transposewithsmem\transposewithsmem\x64\debug\transpos.bfda5db7.tlog\link.read.1.tlog
d:\varun_gpgpu\transposewithsmem\transposewithsmem\transposewithsmem\x64\debug\transpos.bfda5db7.tlog\link.write.1.tlog
