d:\classes\gpgpu\codes\templates\multiplestreams\multiplestreams\x64\debug\vc143.pdb
d:\classes\gpgpu\codes\templates\multiplestreams\multiplestreams\x64\debug\vc143.idb
d:\classes\gpgpu\codes\templates\multiplestreams\multiplestreams\x64\debug\vectoraddition.obj
d:\classes\gpgpu\codes\templates\multiplestreams\multiplestreams\x64\debug\functions.obj
d:\classes\gpgpu\codes\templates\multiplestreams\multiplestreams\x64\debug\cpuaddition.obj
d:\classes\gpgpu\codes\templates\multiplestreams\multiplestreams\x64\debug\gpuerrors.cu.obj
d:\classes\gpgpu\codes\templates\multiplestreams\multiplestreams\x64\debug\addition.cu.obj
d:\classes\gpgpu\codes\templates\multiplestreams\multiplestreams\x64\debug\streamswithoutscheduling.cu.obj
d:\classes\gpgpu\codes\templates\multiplestreams\multiplestreams\x64\debug\streamswithscheduling.cu.obj
d:\classes\gpgpu\codes\templates\multiplestreams\multiplestreams\x64\debug\multiplestreams.ilk
d:\classes\gpgpu\codes\templates\multiplestreams\x64\debug\multiplestreams.exe
d:\classes\gpgpu\codes\templates\multiplestreams\x64\debug\multiplestreams.pdb
d:\varun_gpgpu\multiplestreams\multiplestreams\multiplestreams\x64\debug\addition.cu.cache
d:\varun_gpgpu\multiplestreams\multiplestreams\multiplestreams\x64\debug\gpuerrors.cu.cache
d:\varun_gpgpu\multiplestreams\multiplestreams\multiplestreams\x64\debug\streamswithoutscheduling.cu.cache
d:\varun_gpgpu\multiplestreams\multiplestreams\multiplestreams\x64\debug\streamswithscheduling.cu.cache
d:\varun_gpgpu\multiplestreams\multiplestreams\multiplestreams\x64\debug\addition.cu.obj
d:\varun_gpgpu\multiplestreams\multiplestreams\multiplestreams\x64\debug\cpuaddition.obj
d:\varun_gpgpu\multiplestreams\multiplestreams\multiplestreams\x64\debug\functions.obj
d:\varun_gpgpu\multiplestreams\multiplestreams\multiplestreams\x64\debug\gpuerrors.cu.obj
d:\varun_gpgpu\multiplestreams\multiplestreams\multiplestreams\x64\debug\streamswithoutscheduling.cu.obj
d:\varun_gpgpu\multiplestreams\multiplestreams\multiplestreams\x64\debug\streamswithscheduling.cu.obj
d:\varun_gpgpu\multiplestreams\multiplestreams\multiplestreams\x64\debug\vectoraddition.obj
d:\varun_gpgpu\multiplestreams\multiplestreams\multiplestreams\x64\debug\multiplestreams.ilk
d:\varun_gpgpu\multiplestreams\multiplestreams\multiplestreams\x64\debug\vc143.idb
d:\varun_gpgpu\multiplestreams\multiplestreams\multiplestreams\x64\debug\vc143.pdb
d:\varun_gpgpu\multiplestreams\multiplestreams\x64\debug\multiplestreams.pdb
d:\varun_gpgpu\multiplestreams\multiplestreams\x64\debug\multiplestreams.exe
d:\varun_gpgpu\multiplestreams\multiplestreams\multiplestreams\x64\debug\multiplestreams.tlog\cl.command.1.tlog
d:\varun_gpgpu\multiplestreams\multiplestreams\multiplestreams\x64\debug\multiplestreams.tlog\cl.read.1.tlog
d:\varun_gpgpu\multiplestreams\multiplestreams\multiplestreams\x64\debug\multiplestreams.tlog\cl.write.1.tlog
d:\varun_gpgpu\multiplestreams\multiplestreams\multiplestreams\x64\debug\multiplestreams.tlog\cudacompile.read.1u.tlog
d:\varun_gpgpu\multiplestreams\multiplestreams\multiplestreams\x64\debug\multiplestreams.tlog\cudacompile.write.1u.tlog
d:\varun_gpgpu\multiplestreams\multiplestreams\multiplestreams\x64\debug\multiplestreams.tlog\link.command.1.tlog
d:\varun_gpgpu\multiplestreams\multiplestreams\multiplestreams\x64\debug\multiplestreams.tlog\link.read.1.tlog
d:\varun_gpgpu\multiplestreams\multiplestreams\multiplestreams\x64\debug\multiplestreams.tlog\link.write.1.tlog
