d:\classes\gpgpu\codes\templates\multiplestreams\multiplestreams\x64\release\vc143.pdb
d:\classes\gpgpu\codes\templates\multiplestreams\multiplestreams\x64\release\vectoraddition.obj
d:\classes\gpgpu\codes\templates\multiplestreams\multiplestreams\x64\release\functions.obj
d:\classes\gpgpu\codes\templates\multiplestreams\multiplestreams\x64\release\cpuaddition.obj
d:\classes\gpgpu\codes\templates\multiplestreams\multiplestreams\x64\release\gpuerrors.cu.obj
d:\classes\gpgpu\codes\templates\multiplestreams\multiplestreams\x64\release\addition.cu.obj
d:\classes\gpgpu\codes\templates\multiplestreams\multiplestreams\x64\release\streamswithoutscheduling.cu.obj
d:\classes\gpgpu\codes\templates\multiplestreams\multiplestreams\x64\release\streamswithscheduling.cu.obj
d:\classes\gpgpu\codes\templates\multiplestreams\x64\release\multiplestreams.exe
d:\classes\gpgpu\codes\templates\multiplestreams\multiplestreams\x64\release\multiplestreams.ipdb
d:\classes\gpgpu\codes\templates\multiplestreams\x64\release\multiplestreams.pdb
d:\classes\gpgpu\codes\templates\multiplestreams\multiplestreams\x64\release\multiplestreams.iobj
d:\varun_gpgpu\multiplestreams\multiplestreams\multiplestreams\x64\release\addition.cu.cache
d:\varun_gpgpu\multiplestreams\multiplestreams\multiplestreams\x64\release\gpuerrors.cu.cache
d:\varun_gpgpu\multiplestreams\multiplestreams\multiplestreams\x64\release\streamswithoutscheduling.cu.cache
d:\varun_gpgpu\multiplestreams\multiplestreams\multiplestreams\x64\release\streamswithscheduling.cu.cache
d:\varun_gpgpu\multiplestreams\multiplestreams\multiplestreams\x64\release\addition.cu.obj
d:\varun_gpgpu\multiplestreams\multiplestreams\multiplestreams\x64\release\cpuaddition.obj
d:\varun_gpgpu\multiplestreams\multiplestreams\multiplestreams\x64\release\functions.obj
d:\varun_gpgpu\multiplestreams\multiplestreams\multiplestreams\x64\release\gpuerrors.cu.obj
d:\varun_gpgpu\multiplestreams\multiplestreams\multiplestreams\x64\release\streamswithoutscheduling.cu.obj
d:\varun_gpgpu\multiplestreams\multiplestreams\multiplestreams\x64\release\streamswithscheduling.cu.obj
d:\varun_gpgpu\multiplestreams\multiplestreams\multiplestreams\x64\release\vectoraddition.obj
d:\varun_gpgpu\multiplestreams\multiplestreams\multiplestreams\x64\release\multiplestreams.ipdb
d:\varun_gpgpu\multiplestreams\multiplestreams\multiplestreams\x64\release\multiplestreams.iobj
d:\varun_gpgpu\multiplestreams\multiplestreams\multiplestreams\x64\release\vc143.pdb
d:\varun_gpgpu\multiplestreams\multiplestreams\x64\release\multiplestreams.pdb
d:\varun_gpgpu\multiplestreams\multiplestreams\x64\release\multiplestreams.exe
d:\varun_gpgpu\multiplestreams\multiplestreams\multiplestreams\x64\release\multiplestreams.tlog\cl.command.1.tlog
d:\varun_gpgpu\multiplestreams\multiplestreams\multiplestreams\x64\release\multiplestreams.tlog\cl.read.1.tlog
d:\varun_gpgpu\multiplestreams\multiplestreams\multiplestreams\x64\release\multiplestreams.tlog\cl.write.1.tlog
d:\varun_gpgpu\multiplestreams\multiplestreams\multiplestreams\x64\release\multiplestreams.tlog\cudacompile.read.1u.tlog
d:\varun_gpgpu\multiplestreams\multiplestreams\multiplestreams\x64\release\multiplestreams.tlog\cudacompile.write.1u.tlog
d:\varun_gpgpu\multiplestreams\multiplestreams\multiplestreams\x64\release\multiplestreams.tlog\link.command.1.tlog
d:\varun_gpgpu\multiplestreams\multiplestreams\multiplestreams\x64\release\multiplestreams.tlog\link.read.1.tlog
d:\varun_gpgpu\multiplestreams\multiplestreams\multiplestreams\x64\release\multiplestreams.tlog\link.write.1.tlog
