  Compiling CUDA source file ..\..\..\Common\Common\GPUErrors.cu...
  Compiling CUDA source file RGBtoGrayScale.cu...
  
  D:\Varun_GPGPU\RGBtoGrayScale\RGBtoGrayScale\RGBtoGrayScale>"C:\Program Files\NVIDIA GPU Computing Toolkit\CUDA\v11.7\bin\nvcc.exe" -gencode=arch=compute_52,code=\"sm_52,compute_52\" --use-local-env -ccbin "C:\Program Files\Microsoft Visual Studio\2022\Professional\VC\Tools\MSVC\14.33.31629\bin\HostX64\x64" -x cu   -I"C:\Program Files\NVIDIA GPU Computing Toolkit\CUDA\v11.7\include" -I"C:\Program Files\NVIDIA GPU Computing Toolkit\CUDA\v11.7\include"  -G   --keep-dir x64\Debug  -maxrregcount=0  --machine 64 --compile -cudart static  -g  -D_DEBUG -D_CONSOLE -D_UNICODE -DUNICODE -Xcompiler "/EHsc /W3 /nologo /Od /Fdx64\Debug\vc143.pdb /FS /Zi /RTC1 /MDd " -o D:\Varun_GPGPU\RGBtoGrayScale\RGBtoGrayScale\RGBtoGrayScale\x64\Debug\GPUErrors.cu.obj "D:\Varun_GPGPU\Common\Common\GPUErrors.cu" 
  
  D:\Varun_GPGPU\RGBtoGrayScale\RGBtoGrayScale\RGBtoGrayScale>"C:\Program Files\NVIDIA GPU Computing Toolkit\CUDA\v11.7\bin\nvcc.exe" -gencode=arch=compute_52,code=\"sm_52,compute_52\" --use-local-env -ccbin "C:\Program Files\Microsoft Visual Studio\2022\Professional\VC\Tools\MSVC\14.33.31629\bin\HostX64\x64" -x cu   -I"C:\Program Files\NVIDIA GPU Computing Toolkit\CUDA\v11.7\include" -I"C:\Program Files\NVIDIA GPU Computing Toolkit\CUDA\v11.7\include"  -G   --keep-dir x64\Debug  -maxrregcount=0  --machine 64 --compile -cudart static  -g  -D_DEBUG -D_CONSOLE -D_UNICODE -DUNICODE -Xcompiler "/EHsc /W3 /nologo /Od /Fdx64\Debug\vc143.pdb /FS /Zi /RTC1 /MDd " -o D:\Varun_GPGPU\RGBtoGrayScale\RGBtoGrayScale\RGBtoGrayScale\x64\Debug\RGBtoGrayScale.cu.obj "D:\Varun_GPGPU\RGBtoGrayScale\RGBtoGrayScale\RGBtoGrayScale\RGBtoGrayScale.cu" 
  GPUErrors.cu
  RGBtoGrayScale.cu
D:\Varun_GPGPU\RGBtoGrayScale\RGBtoGrayScale\RGBtoGrayScale\RGBtoGrayScale.cu(88): warning C4244: '=': conversion from '_Rep' to 'double', possible loss of data
          with
          [
              _Rep=__int64
          ]
D:\Varun_GPGPU\RGBtoGrayScale\RGBtoGrayScale\RGBtoGrayScale\RGBtoGrayScale.cu(106): warning C4244: '=': conversion from '_Rep' to 'double', possible loss of data
          with
          [
              _Rep=__int64
          ]
D:\Varun_GPGPU\RGBtoGrayScale\RGBtoGrayScale\RGBtoGrayScale\RGBtoGrayScale.cu(116): warning C4244: 'argument': conversion from 'float' to 'unsigned int', possible loss of data
D:\Varun_GPGPU\RGBtoGrayScale\RGBtoGrayScale\RGBtoGrayScale\RGBtoGrayScale.cu(116): warning C4244: 'argument': conversion from 'float' to 'unsigned int', possible loss of data
D:\Varun_GPGPU\RGBtoGrayScale\RGBtoGrayScale\RGBtoGrayScale\RGBtoGrayScale.cu(128): warning C4244: '=': conversion from '_Rep' to 'double', possible loss of data
          with
          [
              _Rep=__int64
          ]
  CPUFunctions.cpp
D:\Varun_GPGPU\RGBtoGrayScale\RGBtoGrayScale\RGBtoGrayScale\CPUFunctions.cpp(14,74): warning C4244: '=': conversion from 'double' to 'T', possible loss of data
          with
          [
              T=unsigned char
          ]
D:\Varun_GPGPU\RGBtoGrayScale\RGBtoGrayScale\RGBtoGrayScale\CPUFunctions.cpp(19,59): warning C4244: 'return': conversion from '_Rep' to 'float', possible loss of data
          with
          [
              _Rep=__int64
          ]
D:\Varun_GPGPU\RGBtoGrayScale\RGBtoGrayScale\RGBtoGrayScale\CPUFunctions.cpp(31,20): warning C4018: '<': signed/unsigned mismatch
D:\Varun_GPGPU\RGBtoGrayScale\RGBtoGrayScale\RGBtoGrayScale\CPUFunctions.cpp(33,38): warning C4244: '=': conversion from 'float' to 'unsigned char', possible loss of data
D:\Varun_GPGPU\RGBtoGrayScale\RGBtoGrayScale\RGBtoGrayScale\CPUFunctions.cpp(42,59): warning C4244: 'return': conversion from '_Rep' to 'float', possible loss of data
          with
          [
              _Rep=__int64
          ]
  RGBtoGray.cpp
  Generating Code...
  RGBtoGrayScale.vcxproj -> D:\Varun_GPGPU\RGBtoGrayScale\RGBtoGrayScale\x64\Debug\RGBtoGrayScale.exe
