d:\classes\gpgpu\codes\singlestream\singlestream\x64\release\vc143.pdb
d:\classes\gpgpu\codes\singlestream\singlestream\x64\release\vectoraddition.obj
d:\classes\gpgpu\codes\singlestream\singlestream\x64\release\functions.obj
d:\classes\gpgpu\codes\singlestream\singlestream\x64\release\cpuaddition.obj
d:\varun_gpgpu\singlestream\singlestream\singlestream\x64\release\vc143.pdb
d:\varun_gpgpu\singlestream\singlestream\singlestream\x64\release\vectoraddition.obj
d:\varun_gpgpu\singlestream\singlestream\singlestream\x64\release\functions.obj
d:\varun_gpgpu\singlestream\singlestream\singlestream\x64\release\cpuaddition.obj
d:\varun_gpgpu\singlestream\singlestream\singlestream\x64\release\gpuerrors.cu.obj
d:\varun_gpgpu\singlestream\singlestream\singlestream\x64\release\addition.cu.obj
d:\varun_gpgpu\singlestream\singlestream\singlestream\x64\release\withdefaultstream.cu.obj
d:\varun_gpgpu\singlestream\singlestream\singlestream\x64\release\withexplicitstream.cu.obj
d:\classes\gpgpu\codes\singlestream\x64\release\singlestream.exe
d:\classes\gpgpu\codes\singlestream\singlestream\x64\release\singlestream.ipdb
d:\classes\gpgpu\codes\singlestream\x64\release\singlestream.pdb
d:\classes\gpgpu\codes\singlestream\singlestream\x64\release\singlestream.iobj
d:\varun_gpgpu\singlestream\singlestream\x64\release\singlestream.exe
d:\varun_gpgpu\singlestream\singlestream\singlestream\x64\release\singlestream.ipdb
d:\varun_gpgpu\singlestream\singlestream\x64\release\singlestream.pdb
d:\varun_gpgpu\singlestream\singlestream\singlestream\x64\release\singlestream.iobj
d:\varun_gpgpu\singlestream\singlestream\singlestream\x64\release\addition.cu.cache
d:\varun_gpgpu\singlestream\singlestream\singlestream\x64\release\gpuerrors.cu.cache
d:\varun_gpgpu\singlestream\singlestream\singlestream\x64\release\withdefaultstream.cu.cache
d:\varun_gpgpu\singlestream\singlestream\singlestream\x64\release\withexplicitstream.cu.cache
d:\varun_gpgpu\singlestream\singlestream\singlestream\x64\release\singlestream.tlog\cl.command.1.tlog
d:\varun_gpgpu\singlestream\singlestream\singlestream\x64\release\singlestream.tlog\cl.read.1.tlog
d:\varun_gpgpu\singlestream\singlestream\singlestream\x64\release\singlestream.tlog\cl.write.1.tlog
d:\varun_gpgpu\singlestream\singlestream\singlestream\x64\release\singlestream.tlog\cudacompile.read.1u.tlog
d:\varun_gpgpu\singlestream\singlestream\singlestream\x64\release\singlestream.tlog\cudacompile.write.1u.tlog
d:\varun_gpgpu\singlestream\singlestream\singlestream\x64\release\singlestream.tlog\link.command.1.tlog
d:\varun_gpgpu\singlestream\singlestream\singlestream\x64\release\singlestream.tlog\link.read.1.tlog
d:\varun_gpgpu\singlestream\singlestream\singlestream\x64\release\singlestream.tlog\link.write.1.tlog
