d:\varun_gpgpu\parallelscan\parallelscan\parallelscan\x64\debug\vc143.pdb
d:\varun_gpgpu\parallelscan\parallelscan\parallelscan\x64\debug\vc143.idb
d:\varun_gpgpu\parallelscan\parallelscan\parallelscan\x64\debug\parallelscan.obj
d:\varun_gpgpu\parallelscan\parallelscan\parallelscan\x64\debug\functions.obj
d:\varun_gpgpu\parallelscan\parallelscan\parallelscan\x64\debug\cpuscan.obj
d:\varun_gpgpu\parallelscan\parallelscan\parallelscan\x64\debug\gpuerrors.cu.obj
d:\varun_gpgpu\parallelscan\parallelscan\parallelscan\x64\debug\gpuscan.cu.obj
d:\varun_gpgpu\parallelscan\parallelscan\parallelscan\x64\debug\parallelscan.ilk
d:\varun_gpgpu\parallelscan\parallelscan\x64\debug\parallelscan.exe
d:\varun_gpgpu\parallelscan\parallelscan\x64\debug\parallelscan.pdb
d:\varun_gpgpu\parallelscan\parallelscan\parallelscan\x64\debug\gpuerrors.cu.cache
d:\varun_gpgpu\parallelscan\parallelscan\parallelscan\x64\debug\gpuscan.cu.cache
d:\varun_gpgpu\parallelscan\parallelscan\parallelscan\x64\debug\parallelscan.tlog\cl.command.1.tlog
d:\varun_gpgpu\parallelscan\parallelscan\parallelscan\x64\debug\parallelscan.tlog\cl.read.1.tlog
d:\varun_gpgpu\parallelscan\parallelscan\parallelscan\x64\debug\parallelscan.tlog\cl.write.1.tlog
d:\varun_gpgpu\parallelscan\parallelscan\parallelscan\x64\debug\parallelscan.tlog\cudacompile.read.1u.tlog
d:\varun_gpgpu\parallelscan\parallelscan\parallelscan\x64\debug\parallelscan.tlog\cudacompile.write.1u.tlog
d:\varun_gpgpu\parallelscan\parallelscan\parallelscan\x64\debug\parallelscan.tlog\link.command.1.tlog
d:\varun_gpgpu\parallelscan\parallelscan\parallelscan\x64\debug\parallelscan.tlog\link.read.1.tlog
d:\varun_gpgpu\parallelscan\parallelscan\parallelscan\x64\debug\parallelscan.tlog\link.write.1.tlog
