d:\classes\gpgpu\codes\memorybenchmarks\transposepatternsbm\transposepatternsbm\x64\release\vc143.pdb
d:\classes\gpgpu\codes\memorybenchmarks\transposepatternsbm\transposepatternsbm\x64\release\transposepatternsbm.obj
d:\classes\gpgpu\codes\memorybenchmarks\transposepatternsbm\transposepatternsbm\x64\release\transposecpu.obj
d:\classes\gpgpu\codes\memorybenchmarks\transposepatternsbm\transposepatternsbm\x64\release\functions.obj
d:\classes\gpgpu\codes\memorybenchmarks\transposepatternsbm\transposepatternsbm\x64\release\gpuerrors.cu.obj
d:\classes\gpgpu\codes\memorybenchmarks\transposepatternsbm\transposepatternsbm\x64\release\transposegpu.cu.obj
d:\classes\gpgpu\codes\memorybenchmarks\transposepatternsbm\x64\release\transposepatternsbm.exe
d:\classes\gpgpu\codes\memorybenchmarks\transposepatternsbm\transposepatternsbm\x64\release\transposepatternsbm.ipdb
d:\classes\gpgpu\codes\memorybenchmarks\transposepatternsbm\x64\release\transposepatternsbm.pdb
d:\classes\gpgpu\codes\memorybenchmarks\transposepatternsbm\transposepatternsbm\x64\release\transposepatternsbm.iobj
d:\varun_gpgpu\transposepatternsbm\transposepatternsbm\transposepatternsbm\x64\release\gpuerrors.cu.cache
d:\varun_gpgpu\transposepatternsbm\transposepatternsbm\transposepatternsbm\x64\release\transposegpu.cu.cache
d:\varun_gpgpu\transposepatternsbm\transposepatternsbm\transposepatternsbm\x64\release\functions.obj
d:\varun_gpgpu\transposepatternsbm\transposepatternsbm\transposepatternsbm\x64\release\gpuerrors.cu.obj
d:\varun_gpgpu\transposepatternsbm\transposepatternsbm\transposepatternsbm\x64\release\transposecpu.obj
d:\varun_gpgpu\transposepatternsbm\transposepatternsbm\transposepatternsbm\x64\release\transposegpu.cu.obj
d:\varun_gpgpu\transposepatternsbm\transposepatternsbm\transposepatternsbm\x64\release\transposepatternsbm.obj
d:\varun_gpgpu\transposepatternsbm\transposepatternsbm\transposepatternsbm\x64\release\transposepatternsbm.ipdb
d:\varun_gpgpu\transposepatternsbm\transposepatternsbm\transposepatternsbm\x64\release\transposepatternsbm.iobj
d:\varun_gpgpu\transposepatternsbm\transposepatternsbm\transposepatternsbm\x64\release\vc143.pdb
d:\varun_gpgpu\transposepatternsbm\transposepatternsbm\x64\release\transposepatternsbm.pdb
d:\varun_gpgpu\transposepatternsbm\transposepatternsbm\x64\release\transposepatternsbm.exe
d:\varun_gpgpu\transposepatternsbm\transposepatternsbm\transposepatternsbm\x64\release\transpos.f9eed22d.tlog\cl.command.1.tlog
d:\varun_gpgpu\transposepatternsbm\transposepatternsbm\transposepatternsbm\x64\release\transpos.f9eed22d.tlog\cl.read.1.tlog
d:\varun_gpgpu\transposepatternsbm\transposepatternsbm\transposepatternsbm\x64\release\transpos.f9eed22d.tlog\cl.write.1.tlog
d:\varun_gpgpu\transposepatternsbm\transposepatternsbm\transposepatternsbm\x64\release\transpos.f9eed22d.tlog\cudacompile.read.1u.tlog
d:\varun_gpgpu\transposepatternsbm\transposepatternsbm\transposepatternsbm\x64\release\transpos.f9eed22d.tlog\cudacompile.write.1u.tlog
d:\varun_gpgpu\transposepatternsbm\transposepatternsbm\transposepatternsbm\x64\release\transpos.f9eed22d.tlog\link.command.1.tlog
d:\varun_gpgpu\transposepatternsbm\transposepatternsbm\transposepatternsbm\x64\release\transpos.f9eed22d.tlog\link.read.1.tlog
d:\varun_gpgpu\transposepatternsbm\transposepatternsbm\transposepatternsbm\x64\release\transpos.f9eed22d.tlog\link.write.1.tlog
