d:\varun_gpgpu\prob4-1\prob4\prob4\x64\debug\vc143.pdb
d:\varun_gpgpu\prob4-1\prob4\prob4\x64\debug\vc143.idb
d:\varun_gpgpu\prob4-1\prob4\prob4\x64\debug\prob4cpu.obj
d:\varun_gpgpu\prob4-1\prob4\prob4\x64\debug\prob4.obj
d:\varun_gpgpu\prob4-1\prob4\prob4\x64\debug\functions.obj
d:\varun_gpgpu\prob4-1\prob4\prob4\x64\debug\gpuerrors.cu.obj
d:\varun_gpgpu\prob4-1\prob4\prob4\x64\debug\prob4gpu.cu.obj
d:\varun_gpgpu\prob4-1\prob4\prob4\x64\debug\prob4.ilk
d:\varun_gpgpu\prob4-1\prob4\x64\debug\prob4.exe
d:\varun_gpgpu\prob4-1\prob4\x64\debug\prob4.pdb
d:\varun_gpgpu\prob4-1\prob4\prob4\x64\debug\gpuerrors.cu.cache
d:\varun_gpgpu\prob4-1\prob4\prob4\x64\debug\prob4gpu.cu.cache
d:\varun_gpgpu\prob4-1\prob4\prob4\x64\debug\prob4.tlog\cl.command.1.tlog
d:\varun_gpgpu\prob4-1\prob4\prob4\x64\debug\prob4.tlog\cl.read.1.tlog
d:\varun_gpgpu\prob4-1\prob4\prob4\x64\debug\prob4.tlog\cl.write.1.tlog
d:\varun_gpgpu\prob4-1\prob4\prob4\x64\debug\prob4.tlog\cudacompile.read.1u.tlog
d:\varun_gpgpu\prob4-1\prob4\prob4\x64\debug\prob4.tlog\cudacompile.write.1u.tlog
d:\varun_gpgpu\prob4-1\prob4\prob4\x64\debug\prob4.tlog\link.command.1.tlog
d:\varun_gpgpu\prob4-1\prob4\prob4\x64\debug\prob4.tlog\link.read.1.tlog
d:\varun_gpgpu\prob4-1\prob4\prob4\x64\debug\prob4.tlog\link.write.1.tlog
