d:\classes\gpgpu\codes\memorybenchmarks\globalmemorycopy\globalmemorycopy\x64\debug\vc143.pdb
d:\classes\gpgpu\codes\memorybenchmarks\globalmemorycopy\globalmemorycopy\x64\debug\vc143.idb
d:\classes\gpgpu\codes\memorybenchmarks\globalmemorycopy\globalmemorycopy\x64\debug\functions.obj
d:\classes\gpgpu\codes\memorybenchmarks\globalmemorycopy\globalmemorycopy\x64\debug\benchmark.obj
d:\classes\gpgpu\codes\memorybenchmarks\globalmemorycopy\globalmemorycopy\x64\debug\gpuerrors.cu.obj
d:\classes\gpgpu\codes\memorybenchmarks\globalmemorycopy\globalmemorycopy\x64\debug\performancebounds.cu.obj
d:\classes\gpgpu\codes\memorybenchmarks\globalmemorycopy\globalmemorycopy\x64\debug\globalmemorycopy.ilk
d:\classes\gpgpu\codes\memorybenchmarks\globalmemorycopy\x64\debug\globalmemorycopy.exe
d:\classes\gpgpu\codes\memorybenchmarks\globalmemorycopy\x64\debug\globalmemorycopy.pdb
d:\varun_gpgpu\globalmemorycopy\globalmemorycopy\globalmemorycopy\x64\debug\gpuerrors.cu.cache
d:\varun_gpgpu\globalmemorycopy\globalmemorycopy\globalmemorycopy\x64\debug\performancebounds.cu.cache
d:\varun_gpgpu\globalmemorycopy\globalmemorycopy\globalmemorycopy\x64\debug\benchmark.obj
d:\varun_gpgpu\globalmemorycopy\globalmemorycopy\globalmemorycopy\x64\debug\functions.obj
d:\varun_gpgpu\globalmemorycopy\globalmemorycopy\globalmemorycopy\x64\debug\gpuerrors.cu.obj
d:\varun_gpgpu\globalmemorycopy\globalmemorycopy\globalmemorycopy\x64\debug\performancebounds.cu.obj
d:\varun_gpgpu\globalmemorycopy\globalmemorycopy\globalmemorycopy\x64\debug\globalmemorycopy.ilk
d:\varun_gpgpu\globalmemorycopy\globalmemorycopy\globalmemorycopy\x64\debug\vc143.idb
d:\varun_gpgpu\globalmemorycopy\globalmemorycopy\globalmemorycopy\x64\debug\vc143.pdb
d:\varun_gpgpu\globalmemorycopy\globalmemorycopy\x64\debug\globalmemorycopy.pdb
d:\varun_gpgpu\globalmemorycopy\globalmemorycopy\x64\debug\globalmemorycopy.exe
d:\varun_gpgpu\globalmemorycopy\globalmemorycopy\globalmemorycopy\x64\debug\globalmemorycopy.tlog\cl.command.1.tlog
d:\varun_gpgpu\globalmemorycopy\globalmemorycopy\globalmemorycopy\x64\debug\globalmemorycopy.tlog\cl.read.1.tlog
d:\varun_gpgpu\globalmemorycopy\globalmemorycopy\globalmemorycopy\x64\debug\globalmemorycopy.tlog\cl.write.1.tlog
d:\varun_gpgpu\globalmemorycopy\globalmemorycopy\globalmemorycopy\x64\debug\globalmemorycopy.tlog\cudacompile.read.1u.tlog
d:\varun_gpgpu\globalmemorycopy\globalmemorycopy\globalmemorycopy\x64\debug\globalmemorycopy.tlog\cudacompile.write.1u.tlog
d:\varun_gpgpu\globalmemorycopy\globalmemorycopy\globalmemorycopy\x64\debug\globalmemorycopy.tlog\link.command.1.tlog
d:\varun_gpgpu\globalmemorycopy\globalmemorycopy\globalmemorycopy\x64\debug\globalmemorycopy.tlog\link.read.1.tlog
d:\varun_gpgpu\globalmemorycopy\globalmemorycopy\globalmemorycopy\x64\debug\globalmemorycopy.tlog\link.write.1.tlog
