d:\classes\gpgpu\codes\memorybenchmarks\globalmemorycopy\globalmemorycopy\x64\release\vc143.pdb
d:\classes\gpgpu\codes\memorybenchmarks\globalmemorycopy\globalmemorycopy\x64\release\functions.obj
d:\classes\gpgpu\codes\memorybenchmarks\globalmemorycopy\globalmemorycopy\x64\release\benchmark.obj
d:\classes\gpgpu\codes\memorybenchmarks\globalmemorycopy\globalmemorycopy\x64\release\gpuerrors.cu.obj
d:\classes\gpgpu\codes\memorybenchmarks\globalmemorycopy\globalmemorycopy\x64\release\performancebounds.cu.obj
d:\classes\gpgpu\codes\memorybenchmarks\globalmemorycopy\x64\release\globalmemorycopy.exe
d:\classes\gpgpu\codes\memorybenchmarks\globalmemorycopy\globalmemorycopy\x64\release\globalmemorycopy.ipdb
d:\classes\gpgpu\codes\memorybenchmarks\globalmemorycopy\x64\release\globalmemorycopy.pdb
d:\classes\gpgpu\codes\memorybenchmarks\globalmemorycopy\globalmemorycopy\x64\release\globalmemorycopy.iobj
d:\varun_gpgpu\globalmemorycopy\globalmemorycopy\globalmemorycopy\x64\release\gpuerrors.cu.cache
d:\varun_gpgpu\globalmemorycopy\globalmemorycopy\globalmemorycopy\x64\release\performancebounds.cu.cache
d:\varun_gpgpu\globalmemorycopy\globalmemorycopy\globalmemorycopy\x64\release\benchmark.obj
d:\varun_gpgpu\globalmemorycopy\globalmemorycopy\globalmemorycopy\x64\release\functions.obj
d:\varun_gpgpu\globalmemorycopy\globalmemorycopy\globalmemorycopy\x64\release\gpuerrors.cu.obj
d:\varun_gpgpu\globalmemorycopy\globalmemorycopy\globalmemorycopy\x64\release\performancebounds.cu.obj
d:\varun_gpgpu\globalmemorycopy\globalmemorycopy\globalmemorycopy\x64\release\globalmemorycopy.ipdb
d:\varun_gpgpu\globalmemorycopy\globalmemorycopy\globalmemorycopy\x64\release\globalmemorycopy.iobj
d:\varun_gpgpu\globalmemorycopy\globalmemorycopy\globalmemorycopy\x64\release\vc143.pdb
d:\varun_gpgpu\globalmemorycopy\globalmemorycopy\x64\release\globalmemorycopy.pdb
d:\varun_gpgpu\globalmemorycopy\globalmemorycopy\x64\release\globalmemorycopy.exe
d:\varun_gpgpu\globalmemorycopy\globalmemorycopy\globalmemorycopy\x64\release\globalmemorycopy.tlog\cl.command.1.tlog
d:\varun_gpgpu\globalmemorycopy\globalmemorycopy\globalmemorycopy\x64\release\globalmemorycopy.tlog\cl.read.1.tlog
d:\varun_gpgpu\globalmemorycopy\globalmemorycopy\globalmemorycopy\x64\release\globalmemorycopy.tlog\cl.write.1.tlog
d:\varun_gpgpu\globalmemorycopy\globalmemorycopy\globalmemorycopy\x64\release\globalmemorycopy.tlog\cudacompile.read.1u.tlog
d:\varun_gpgpu\globalmemorycopy\globalmemorycopy\globalmemorycopy\x64\release\globalmemorycopy.tlog\cudacompile.write.1u.tlog
d:\varun_gpgpu\globalmemorycopy\globalmemorycopy\globalmemorycopy\x64\release\globalmemorycopy.tlog\link.command.1.tlog
d:\varun_gpgpu\globalmemorycopy\globalmemorycopy\globalmemorycopy\x64\release\globalmemorycopy.tlog\link.read.1.tlog
d:\varun_gpgpu\globalmemorycopy\globalmemorycopy\globalmemorycopy\x64\release\globalmemorycopy.tlog\link.write.1.tlog
