d:\classes\gpgpu\codes\memorybenchmarks\transposewithsmem\transposewithsmem\x64\release\vc143.pdb
d:\classes\gpgpu\codes\memorybenchmarks\transposewithsmem\transposewithsmem\x64\release\transposepatternsbm.obj
d:\classes\gpgpu\codes\memorybenchmarks\transposewithsmem\transposewithsmem\x64\release\transposecpu.obj
d:\classes\gpgpu\codes\memorybenchmarks\transposewithsmem\transposewithsmem\x64\release\functions.obj
d:\classes\gpgpu\codes\memorybenchmarks\transposewithsmem\transposewithsmem\x64\release\gpuerrors.cu.obj
d:\classes\gpgpu\codes\memorybenchmarks\transposewithsmem\transposewithsmem\x64\release\transposegpu.cu.obj
d:\classes\gpgpu\codes\memorybenchmarks\transposewithsmem\x64\release\transposewithsmem.exe
d:\classes\gpgpu\codes\memorybenchmarks\transposewithsmem\transposewithsmem\x64\release\transposewithsmem.ipdb
d:\classes\gpgpu\codes\memorybenchmarks\transposewithsmem\x64\release\transposewithsmem.pdb
d:\classes\gpgpu\codes\memorybenchmarks\transposewithsmem\transposewithsmem\x64\release\transposewithsmem.iobj
d:\varun_gpgpu\transposewithsmem\transposewithsmem\transposewithsmem\x64\release\gpuerrors.cu.cache
d:\varun_gpgpu\transposewithsmem\transposewithsmem\transposewithsmem\x64\release\transposegpu.cu.cache
d:\varun_gpgpu\transposewithsmem\transposewithsmem\transposewithsmem\x64\release\functions.obj
d:\varun_gpgpu\transposewithsmem\transposewithsmem\transposewithsmem\x64\release\gpuerrors.cu.obj
d:\varun_gpgpu\transposewithsmem\transposewithsmem\transposewithsmem\x64\release\transposecpu.obj
d:\varun_gpgpu\transposewithsmem\transposewithsmem\transposewithsmem\x64\release\transposegpu.cu.obj
d:\varun_gpgpu\transposewithsmem\transposewithsmem\transposewithsmem\x64\release\transposepatternsbm.obj
d:\varun_gpgpu\transposewithsmem\transposewithsmem\transposewithsmem\x64\release\transposewithsmem.ipdb
d:\varun_gpgpu\transposewithsmem\transposewithsmem\transposewithsmem\x64\release\transposewithsmem.iobj
d:\varun_gpgpu\transposewithsmem\transposewithsmem\transposewithsmem\x64\release\vc143.pdb
d:\varun_gpgpu\transposewithsmem\transposewithsmem\x64\release\transposewithsmem.pdb
d:\varun_gpgpu\transposewithsmem\transposewithsmem\x64\release\transposewithsmem.exe
d:\varun_gpgpu\transposewithsmem\transposewithsmem\transposewithsmem\x64\release\transpos.bfda5db7.tlog\cl.command.1.tlog
d:\varun_gpgpu\transposewithsmem\transposewithsmem\transposewithsmem\x64\release\transpos.bfda5db7.tlog\cl.read.1.tlog
d:\varun_gpgpu\transposewithsmem\transposewithsmem\transposewithsmem\x64\release\transpos.bfda5db7.tlog\cl.write.1.tlog
d:\varun_gpgpu\transposewithsmem\transposewithsmem\transposewithsmem\x64\release\transpos.bfda5db7.tlog\cudacompile.read.1u.tlog
d:\varun_gpgpu\transposewithsmem\transposewithsmem\transposewithsmem\x64\release\transpos.bfda5db7.tlog\cudacompile.write.1u.tlog
d:\varun_gpgpu\transposewithsmem\transposewithsmem\transposewithsmem\x64\release\transpos.bfda5db7.tlog\link.command.1.tlog
d:\varun_gpgpu\transposewithsmem\transposewithsmem\transposewithsmem\x64\release\transpos.bfda5db7.tlog\link.read.1.tlog
d:\varun_gpgpu\transposewithsmem\transposewithsmem\transposewithsmem\x64\release\transpos.bfda5db7.tlog\link.write.1.tlog
