d:\varun_gpgpu\parallelscan\parallelscan\parallelscan\x64\release\vc143.pdb
d:\varun_gpgpu\parallelscan\parallelscan\parallelscan\x64\release\parallelscan.obj
d:\varun_gpgpu\parallelscan\parallelscan\parallelscan\x64\release\functions.obj
d:\varun_gpgpu\parallelscan\parallelscan\parallelscan\x64\release\cpuscan.obj
d:\varun_gpgpu\parallelscan\parallelscan\parallelscan\x64\release\gpuerrors.cu.obj
d:\varun_gpgpu\parallelscan\parallelscan\parallelscan\x64\release\gpuscan.cu.obj
d:\varun_gpgpu\parallelscan\parallelscan\x64\release\parallelscan.exe
d:\varun_gpgpu\parallelscan\parallelscan\parallelscan\x64\release\parallelscan.ipdb
d:\varun_gpgpu\parallelscan\parallelscan\x64\release\parallelscan.pdb
d:\varun_gpgpu\parallelscan\parallelscan\parallelscan\x64\release\parallelscan.iobj
d:\varun_gpgpu\parallelscan\parallelscan\parallelscan\x64\release\gpuerrors.cu.cache
d:\varun_gpgpu\parallelscan\parallelscan\parallelscan\x64\release\gpuscan.cu.cache
d:\varun_gpgpu\parallelscan\parallelscan\parallelscan\x64\release\parallelscan.tlog\cl.command.1.tlog
d:\varun_gpgpu\parallelscan\parallelscan\parallelscan\x64\release\parallelscan.tlog\cl.read.1.tlog
d:\varun_gpgpu\parallelscan\parallelscan\parallelscan\x64\release\parallelscan.tlog\cl.write.1.tlog
d:\varun_gpgpu\parallelscan\parallelscan\parallelscan\x64\release\parallelscan.tlog\cudacompile.read.1u.tlog
d:\varun_gpgpu\parallelscan\parallelscan\parallelscan\x64\release\parallelscan.tlog\cudacompile.write.1u.tlog
d:\varun_gpgpu\parallelscan\parallelscan\parallelscan\x64\release\parallelscan.tlog\link.command.1.tlog
d:\varun_gpgpu\parallelscan\parallelscan\parallelscan\x64\release\parallelscan.tlog\link.read.1.tlog
d:\varun_gpgpu\parallelscan\parallelscan\parallelscan\x64\release\parallelscan.tlog\link.write.1.tlog
