d:\varun_gpgpu\spmatrixmultiplication\spmatrixmultiplication\spmatrixmultiplication\x64\debug\vc143.pdb
d:\varun_gpgpu\spmatrixmultiplication\spmatrixmultiplication\spmatrixmultiplication\x64\debug\vc143.idb
d:\varun_gpgpu\spmatrixmultiplication\spmatrixmultiplication\spmatrixmultiplication\x64\debug\matrixmultcpu.obj
d:\varun_gpgpu\spmatrixmultiplication\spmatrixmultiplication\spmatrixmultiplication\x64\debug\matrixmult.obj
d:\varun_gpgpu\spmatrixmultiplication\spmatrixmultiplication\spmatrixmultiplication\x64\debug\functions.obj
d:\varun_gpgpu\spmatrixmultiplication\spmatrixmultiplication\spmatrixmultiplication\x64\debug\gpuerrors.cu.obj
d:\varun_gpgpu\spmatrixmultiplication\spmatrixmultiplication\spmatrixmultiplication\x64\debug\matrixmultgpu.cu.obj
d:\varun_gpgpu\spmatrixmultiplication\spmatrixmultiplication\spmatrixmultiplication\x64\debug\spmatrixmultiplication.ilk
d:\varun_gpgpu\spmatrixmultiplication\spmatrixmultiplication\x64\debug\spmatrixmultiplication.exe
d:\varun_gpgpu\spmatrixmultiplication\spmatrixmultiplication\x64\debug\spmatrixmultiplication.pdb
d:\varun_gpgpu\spmatrixmultiplication\spmatrixmultiplication\spmatrixmultiplication\x64\debug\gpuerrors.cu.cache
d:\varun_gpgpu\spmatrixmultiplication\spmatrixmultiplication\spmatrixmultiplication\x64\debug\matrixmultgpu.cu.cache
d:\varun_gpgpu\spmatrixmultiplication\spmatrixmultiplication\spmatrixmultiplication\x64\debug\spmatrix.fee7cae1.tlog\cl.command.1.tlog
d:\varun_gpgpu\spmatrixmultiplication\spmatrixmultiplication\spmatrixmultiplication\x64\debug\spmatrix.fee7cae1.tlog\cl.read.1.tlog
d:\varun_gpgpu\spmatrixmultiplication\spmatrixmultiplication\spmatrixmultiplication\x64\debug\spmatrix.fee7cae1.tlog\cl.write.1.tlog
d:\varun_gpgpu\spmatrixmultiplication\spmatrixmultiplication\spmatrixmultiplication\x64\debug\spmatrix.fee7cae1.tlog\cudacompile.read.1u.tlog
d:\varun_gpgpu\spmatrixmultiplication\spmatrixmultiplication\spmatrixmultiplication\x64\debug\spmatrix.fee7cae1.tlog\cudacompile.write.1u.tlog
d:\varun_gpgpu\spmatrixmultiplication\spmatrixmultiplication\spmatrixmultiplication\x64\debug\spmatrix.fee7cae1.tlog\link.command.1.tlog
d:\varun_gpgpu\spmatrixmultiplication\spmatrixmultiplication\spmatrixmultiplication\x64\debug\spmatrix.fee7cae1.tlog\link.read.1.tlog
d:\varun_gpgpu\spmatrixmultiplication\spmatrixmultiplication\spmatrixmultiplication\x64\debug\spmatrix.fee7cae1.tlog\link.write.1.tlog
