d:\varun_gpgpu\tiledmatrixmultiplication\tiledmatrixmultiplication\tiledmatrixmultiplication\x64\debug\vc143.pdb
d:\varun_gpgpu\tiledmatrixmultiplication\tiledmatrixmultiplication\tiledmatrixmultiplication\x64\debug\vc143.idb
d:\varun_gpgpu\tiledmatrixmultiplication\tiledmatrixmultiplication\tiledmatrixmultiplication\x64\debug\matrixmultcpu.obj
d:\varun_gpgpu\tiledmatrixmultiplication\tiledmatrixmultiplication\tiledmatrixmultiplication\x64\debug\matrixmult.obj
d:\varun_gpgpu\tiledmatrixmultiplication\tiledmatrixmultiplication\tiledmatrixmultiplication\x64\debug\functions.obj
d:\varun_gpgpu\tiledmatrixmultiplication\tiledmatrixmultiplication\tiledmatrixmultiplication\x64\debug\gpuerrors.cu.obj
d:\varun_gpgpu\tiledmatrixmultiplication\tiledmatrixmultiplication\tiledmatrixmultiplication\x64\debug\matrixmultgpu.cu.obj
d:\varun_gpgpu\tiledmatrixmultiplication\tiledmatrixmultiplication\tiledmatrixmultiplication\x64\debug\tiledmatrixmultiplication.ilk
d:\varun_gpgpu\tiledmatrixmultiplication\tiledmatrixmultiplication\x64\debug\tiledmatrixmultiplication.exe
d:\varun_gpgpu\tiledmatrixmultiplication\tiledmatrixmultiplication\x64\debug\tiledmatrixmultiplication.pdb
d:\varun_gpgpu\tiledmatrixmultiplication\tiledmatrixmultiplication\tiledmatrixmultiplication\x64\debug\gpuerrors.cu.cache
d:\varun_gpgpu\tiledmatrixmultiplication\tiledmatrixmultiplication\tiledmatrixmultiplication\x64\debug\matrixmultgpu.cu.cache
d:\varun_gpgpu\tiledmatrixmultiplication\tiledmatrixmultiplication\tiledmatrixmultiplication\x64\debug\tiledmat.e70baef1.tlog\cl.command.1.tlog
d:\varun_gpgpu\tiledmatrixmultiplication\tiledmatrixmultiplication\tiledmatrixmultiplication\x64\debug\tiledmat.e70baef1.tlog\cl.read.1.tlog
d:\varun_gpgpu\tiledmatrixmultiplication\tiledmatrixmultiplication\tiledmatrixmultiplication\x64\debug\tiledmat.e70baef1.tlog\cl.write.1.tlog
d:\varun_gpgpu\tiledmatrixmultiplication\tiledmatrixmultiplication\tiledmatrixmultiplication\x64\debug\tiledmat.e70baef1.tlog\cudacompile.read.1u.tlog
d:\varun_gpgpu\tiledmatrixmultiplication\tiledmatrixmultiplication\tiledmatrixmultiplication\x64\debug\tiledmat.e70baef1.tlog\cudacompile.write.1u.tlog
d:\varun_gpgpu\tiledmatrixmultiplication\tiledmatrixmultiplication\tiledmatrixmultiplication\x64\debug\tiledmat.e70baef1.tlog\link.command.1.tlog
d:\varun_gpgpu\tiledmatrixmultiplication\tiledmatrixmultiplication\tiledmatrixmultiplication\x64\debug\tiledmat.e70baef1.tlog\link.read.1.tlog
d:\varun_gpgpu\tiledmatrixmultiplication\tiledmatrixmultiplication\tiledmatrixmultiplication\x64\debug\tiledmat.e70baef1.tlog\link.write.1.tlog
