d:\classes\gpgpu\codes\executionconf\executionconf\x64\debug\vc143.pdb
d:\classes\gpgpu\codes\executionconf\executionconf\x64\debug\vc143.idb
d:\classes\gpgpu\codes\executionconf\executionconf\x64\debug\executionconf.obj
d:\classes\gpgpu\codes\executionconf\executionconf\x64\debug\executiongpu.cu.obj
d:\classes\gpgpu\codes\executionconf\x64\debug\executionconf.exe
d:\classes\gpgpu\codes\executionconf\executionconf\x64\debug\executionconf.ilk
d:\classes\gpgpu\codes\executionconf\x64\debug\executionconf.pdb
d:\classes\gpgpu\codes\templates\executionconf\executionconf\x64\debug\executiongpu.cu.cache
d:\classes\gpgpu\codes\templates\executionconf\executionconf\x64\debug\executionconf.obj
d:\classes\gpgpu\codes\templates\executionconf\executionconf\x64\debug\executiongpu.cu.obj
d:\classes\gpgpu\codes\templates\executionconf\executionconf\x64\debug\executionconf.ilk
d:\classes\gpgpu\codes\templates\executionconf\executionconf\x64\debug\vc143.idb
d:\classes\gpgpu\codes\templates\executionconf\executionconf\x64\debug\vc143.pdb
d:\classes\gpgpu\codes\templates\executionconf\x64\debug\executionconf.pdb
d:\classes\gpgpu\codes\templates\executionconf\x64\debug\executionconf.exe
d:\classes\gpgpu\codes\templates\executionconf\executionconf\x64\debug\executionconf.tlog\cl.command.1.tlog
d:\classes\gpgpu\codes\templates\executionconf\executionconf\x64\debug\executionconf.tlog\cl.read.1.tlog
d:\classes\gpgpu\codes\templates\executionconf\executionconf\x64\debug\executionconf.tlog\cl.write.1.tlog
d:\classes\gpgpu\codes\templates\executionconf\executionconf\x64\debug\executionconf.tlog\cudacompile.read.1u.tlog
d:\classes\gpgpu\codes\templates\executionconf\executionconf\x64\debug\executionconf.tlog\cudacompile.write.1u.tlog
d:\classes\gpgpu\codes\templates\executionconf\executionconf\x64\debug\executionconf.tlog\link.command.1.tlog
d:\classes\gpgpu\codes\templates\executionconf\executionconf\x64\debug\executionconf.tlog\link.read.1.tlog
d:\classes\gpgpu\codes\templates\executionconf\executionconf\x64\debug\executionconf.tlog\link.write.1.tlog
