d:\varun_gpgpu\reductionneighborhood\reductionneighborhood\reductionneighborhood\x64\release\vc143.pdb
d:\varun_gpgpu\reductionneighborhood\reductionneighborhood\reductionneighborhood\x64\release\parallelreduction.obj
d:\varun_gpgpu\reductionneighborhood\reductionneighborhood\reductionneighborhood\x64\release\functions.obj
d:\varun_gpgpu\reductionneighborhood\reductionneighborhood\reductionneighborhood\x64\release\cpureduction.obj
d:\varun_gpgpu\reductionneighborhood\reductionneighborhood\reductionneighborhood\x64\release\gpuerrors.cu.obj
d:\varun_gpgpu\reductionneighborhood\reductionneighborhood\reductionneighborhood\x64\release\neighborhoodreduction.cu.obj
d:\varun_gpgpu\reductionneighborhood\reductionneighborhood\x64\release\reductionneighborhood.exe
d:\varun_gpgpu\reductionneighborhood\reductionneighborhood\reductionneighborhood\x64\release\reductionneighborhood.ipdb
d:\varun_gpgpu\reductionneighborhood\reductionneighborhood\x64\release\reductionneighborhood.pdb
d:\varun_gpgpu\reductionneighborhood\reductionneighborhood\reductionneighborhood\x64\release\reductionneighborhood.iobj
d:\varun_gpgpu\reductionneighborhood\reductionneighborhood\reductionneighborhood\x64\release\gpuerrors.cu.cache
d:\varun_gpgpu\reductionneighborhood\reductionneighborhood\reductionneighborhood\x64\release\neighborhoodreduction.cu.cache
d:\varun_gpgpu\reductionneighborhood\reductionneighborhood\reductionneighborhood\x64\release\reductio.eef1939a.tlog\cl.command.1.tlog
d:\varun_gpgpu\reductionneighborhood\reductionneighborhood\reductionneighborhood\x64\release\reductio.eef1939a.tlog\cl.read.1.tlog
d:\varun_gpgpu\reductionneighborhood\reductionneighborhood\reductionneighborhood\x64\release\reductio.eef1939a.tlog\cl.write.1.tlog
d:\varun_gpgpu\reductionneighborhood\reductionneighborhood\reductionneighborhood\x64\release\reductio.eef1939a.tlog\cudacompile.read.1u.tlog
d:\varun_gpgpu\reductionneighborhood\reductionneighborhood\reductionneighborhood\x64\release\reductio.eef1939a.tlog\cudacompile.write.1u.tlog
d:\varun_gpgpu\reductionneighborhood\reductionneighborhood\reductionneighborhood\x64\release\reductio.eef1939a.tlog\link.command.1.tlog
d:\varun_gpgpu\reductionneighborhood\reductionneighborhood\reductionneighborhood\x64\release\reductio.eef1939a.tlog\link.read.1.tlog
d:\varun_gpgpu\reductionneighborhood\reductionneighborhood\reductionneighborhood\x64\release\reductio.eef1939a.tlog\link.write.1.tlog
