d:\varun_gpgpu\spmatrixmultiplication\spmatrixmultiplication\spmatrixmultiplication\x64\release\vc143.pdb
d:\varun_gpgpu\spmatrixmultiplication\spmatrixmultiplication\spmatrixmultiplication\x64\release\matrixmultcpu.obj
d:\varun_gpgpu\spmatrixmultiplication\spmatrixmultiplication\spmatrixmultiplication\x64\release\matrixmult.obj
d:\varun_gpgpu\spmatrixmultiplication\spmatrixmultiplication\spmatrixmultiplication\x64\release\functions.obj
d:\varun_gpgpu\spmatrixmultiplication\spmatrixmultiplication\spmatrixmultiplication\x64\release\gpuerrors.cu.obj
d:\varun_gpgpu\spmatrixmultiplication\spmatrixmultiplication\spmatrixmultiplication\x64\release\matrixmultgpu.cu.obj
d:\varun_gpgpu\spmatrixmultiplication\spmatrixmultiplication\x64\release\spmatrixmultiplication.exe
d:\varun_gpgpu\spmatrixmultiplication\spmatrixmultiplication\spmatrixmultiplication\x64\release\spmatrixmultiplication.ipdb
d:\varun_gpgpu\spmatrixmultiplication\spmatrixmultiplication\x64\release\spmatrixmultiplication.pdb
d:\varun_gpgpu\spmatrixmultiplication\spmatrixmultiplication\spmatrixmultiplication\x64\release\spmatrixmultiplication.iobj
d:\varun_gpgpu\spmatrixmultiplication\spmatrixmultiplication\spmatrixmultiplication\x64\release\gpuerrors.cu.cache
d:\varun_gpgpu\spmatrixmultiplication\spmatrixmultiplication\spmatrixmultiplication\x64\release\matrixmultgpu.cu.cache
d:\varun_gpgpu\spmatrixmultiplication\spmatrixmultiplication\spmatrixmultiplication\x64\release\spmatrix.fee7cae1.tlog\cl.command.1.tlog
d:\varun_gpgpu\spmatrixmultiplication\spmatrixmultiplication\spmatrixmultiplication\x64\release\spmatrix.fee7cae1.tlog\cl.read.1.tlog
d:\varun_gpgpu\spmatrixmultiplication\spmatrixmultiplication\spmatrixmultiplication\x64\release\spmatrix.fee7cae1.tlog\cl.write.1.tlog
d:\varun_gpgpu\spmatrixmultiplication\spmatrixmultiplication\spmatrixmultiplication\x64\release\spmatrix.fee7cae1.tlog\cudacompile.read.1u.tlog
d:\varun_gpgpu\spmatrixmultiplication\spmatrixmultiplication\spmatrixmultiplication\x64\release\spmatrix.fee7cae1.tlog\cudacompile.write.1u.tlog
d:\varun_gpgpu\spmatrixmultiplication\spmatrixmultiplication\spmatrixmultiplication\x64\release\spmatrix.fee7cae1.tlog\link.command.1.tlog
d:\varun_gpgpu\spmatrixmultiplication\spmatrixmultiplication\spmatrixmultiplication\x64\release\spmatrix.fee7cae1.tlog\link.read.1.tlog
d:\varun_gpgpu\spmatrixmultiplication\spmatrixmultiplication\spmatrixmultiplication\x64\release\spmatrix.fee7cae1.tlog\link.write.1.tlog
