d:\varun_gpgpu\reductionneighborhood\reductionneighborhood\reductionneighborhood\x64\debug\vc143.pdb
d:\varun_gpgpu\reductionneighborhood\reductionneighborhood\reductionneighborhood\x64\debug\vc143.idb
d:\varun_gpgpu\reductionneighborhood\reductionneighborhood\reductionneighborhood\x64\debug\parallelreduction.obj
d:\varun_gpgpu\reductionneighborhood\reductionneighborhood\reductionneighborhood\x64\debug\functions.obj
d:\varun_gpgpu\reductionneighborhood\reductionneighborhood\reductionneighborhood\x64\debug\cpureduction.obj
d:\varun_gpgpu\reductionneighborhood\reductionneighborhood\reductionneighborhood\x64\debug\gpuerrors.cu.obj
d:\varun_gpgpu\reductionneighborhood\reductionneighborhood\reductionneighborhood\x64\debug\neighborhoodreduction.cu.obj
d:\varun_gpgpu\reductionneighborhood\reductionneighborhood\reductionneighborhood\x64\debug\reductionneighborhood.ilk
d:\varun_gpgpu\reductionneighborhood\reductionneighborhood\x64\debug\reductionneighborhood.exe
d:\varun_gpgpu\reductionneighborhood\reductionneighborhood\x64\debug\reductionneighborhood.pdb
d:\varun_gpgpu\reductionneighborhood\reductionneighborhood\reductionneighborhood\x64\debug\gpuerrors.cu.cache
d:\varun_gpgpu\reductionneighborhood\reductionneighborhood\reductionneighborhood\x64\debug\neighborhoodreduction.cu.cache
d:\varun_gpgpu\reductionneighborhood\reductionneighborhood\reductionneighborhood\x64\debug\reductio.eef1939a.tlog\cl.command.1.tlog
d:\varun_gpgpu\reductionneighborhood\reductionneighborhood\reductionneighborhood\x64\debug\reductio.eef1939a.tlog\cl.read.1.tlog
d:\varun_gpgpu\reductionneighborhood\reductionneighborhood\reductionneighborhood\x64\debug\reductio.eef1939a.tlog\cl.write.1.tlog
d:\varun_gpgpu\reductionneighborhood\reductionneighborhood\reductionneighborhood\x64\debug\reductio.eef1939a.tlog\cudacompile.read.1u.tlog
d:\varun_gpgpu\reductionneighborhood\reductionneighborhood\reductionneighborhood\x64\debug\reductio.eef1939a.tlog\cudacompile.write.1u.tlog
d:\varun_gpgpu\reductionneighborhood\reductionneighborhood\reductionneighborhood\x64\debug\reductio.eef1939a.tlog\link.command.1.tlog
d:\varun_gpgpu\reductionneighborhood\reductionneighborhood\reductionneighborhood\x64\debug\reductio.eef1939a.tlog\link.read.1.tlog
d:\varun_gpgpu\reductionneighborhood\reductionneighborhood\reductionneighborhood\x64\debug\reductio.eef1939a.tlog\link.write.1.tlog
