d:\classes\gpgpu\codes\singlestream\singlestream\x64\debug\vc143.pdb
d:\classes\gpgpu\codes\singlestream\singlestream\x64\debug\vc143.idb
d:\classes\gpgpu\codes\singlestream\singlestream\x64\debug\vectoraddition.obj
d:\classes\gpgpu\codes\singlestream\singlestream\x64\debug\functions.obj
d:\classes\gpgpu\codes\singlestream\singlestream\x64\debug\cpuaddition.obj
d:\classes\gpgpu\codes\singlestream\singlestream\x64\debug\gpuerrors.cu.obj
d:\classes\gpgpu\codes\singlestream\singlestream\x64\debug\addition.cu.obj
d:\classes\gpgpu\codes\singlestream\singlestream\x64\debug\withdefaultstream.cu.obj
d:\classes\gpgpu\codes\singlestream\singlestream\x64\debug\withexplicitstream.cu.obj
d:\classes\gpgpu\codes\singlestream\singlestream\x64\debug\singlestream.ilk
d:\classes\gpgpu\codes\singlestream\x64\debug\singlestream.exe
d:\classes\gpgpu\codes\singlestream\x64\debug\singlestream.pdb
d:\varun_gpgpu\singlestream\singlestream\singlestream\x64\debug\addition.cu.cache
d:\varun_gpgpu\singlestream\singlestream\singlestream\x64\debug\gpuerrors.cu.cache
d:\varun_gpgpu\singlestream\singlestream\singlestream\x64\debug\withdefaultstream.cu.cache
d:\varun_gpgpu\singlestream\singlestream\singlestream\x64\debug\withexplicitstream.cu.cache
d:\varun_gpgpu\singlestream\singlestream\singlestream\x64\debug\addition.cu.obj
d:\varun_gpgpu\singlestream\singlestream\singlestream\x64\debug\cpuaddition.obj
d:\varun_gpgpu\singlestream\singlestream\singlestream\x64\debug\functions.obj
d:\varun_gpgpu\singlestream\singlestream\singlestream\x64\debug\gpuerrors.cu.obj
d:\varun_gpgpu\singlestream\singlestream\singlestream\x64\debug\vectoraddition.obj
d:\varun_gpgpu\singlestream\singlestream\singlestream\x64\debug\withdefaultstream.cu.obj
d:\varun_gpgpu\singlestream\singlestream\singlestream\x64\debug\withexplicitstream.cu.obj
d:\varun_gpgpu\singlestream\singlestream\singlestream\x64\debug\singlestream.ilk
d:\varun_gpgpu\singlestream\singlestream\singlestream\x64\debug\vc143.idb
d:\varun_gpgpu\singlestream\singlestream\singlestream\x64\debug\vc143.pdb
d:\varun_gpgpu\singlestream\singlestream\x64\debug\singlestream.pdb
d:\varun_gpgpu\singlestream\singlestream\x64\debug\singlestream.exe
d:\varun_gpgpu\singlestream\singlestream\singlestream\x64\debug\singlestream.tlog\cl.command.1.tlog
d:\varun_gpgpu\singlestream\singlestream\singlestream\x64\debug\singlestream.tlog\cl.read.1.tlog
d:\varun_gpgpu\singlestream\singlestream\singlestream\x64\debug\singlestream.tlog\cl.write.1.tlog
d:\varun_gpgpu\singlestream\singlestream\singlestream\x64\debug\singlestream.tlog\cudacompile.read.1u.tlog
d:\varun_gpgpu\singlestream\singlestream\singlestream\x64\debug\singlestream.tlog\cudacompile.write.1u.tlog
d:\varun_gpgpu\singlestream\singlestream\singlestream\x64\debug\singlestream.tlog\link.command.1.tlog
d:\varun_gpgpu\singlestream\singlestream\singlestream\x64\debug\singlestream.tlog\link.read.1.tlog
d:\varun_gpgpu\singlestream\singlestream\singlestream\x64\debug\singlestream.tlog\link.write.1.tlog
